Flow report for T_Flip_Flop
Wed Apr 28 15:51:01 2021
Quartus Prime Version 18.1.0 Build 625 09/12/2018 SJ Lite Edition


---------------------
; Table of Contents ;
---------------------
  1. Legal Notice
  2. Flow Summary
  3. Flow Settings
  4. Flow Non-Default Global Settings
  5. Flow Elapsed Time
  6. Flow OS Summary
  7. Flow Log
  8. Flow Messages
  9. Flow Suppressed Messages



----------------
; Legal Notice ;
----------------
Copyright (C) 2018  Intel Corporation. All rights reserved.
Your use of Intel Corporation's design tools, logic functions 
and other software and tools, and its AMPP partner logic 
functions, and any output files from any of the foregoing 
(including device programming or simulation files), and any 
associated documentation or information are expressly subject 
to the terms and conditions of the Intel Program License 
Subscription Agreement, the Intel Quartus Prime License Agreement,
the Intel FPGA IP License Agreement, or other applicable license
agreement, including, without limitation, that your use is for
the sole purpose of programming logic devices manufactured by
Intel and sold by Intel or its authorized distributors.  Please
refer to the applicable agreement for further details.



+----------------------------------------------------------------------------------+
; Flow Summary                                                                     ;
+------------------------------------+---------------------------------------------+
; Flow Status                        ; Successful - Wed Apr 28 15:51:01 2021       ;
; Quartus Prime Version              ; 18.1.0 Build 625 09/12/2018 SJ Lite Edition ;
; Revision Name                      ; T_Flip_Flop                                 ;
; Top-level Entity Name              ; T_Flip_Flop                                 ;
; Family                             ; MAX 10                                      ;
; Device                             ; 10M50DAF484C7G                              ;
; Timing Models                      ; Final                                       ;
; Total logic elements               ; 2 / 49,760 ( < 1 % )                        ;
;     Total combinational functions  ; 2 / 49,760 ( < 1 % )                        ;
;     Dedicated logic registers      ; 1 / 49,760 ( < 1 % )                        ;
; Total registers                    ; 1                                           ;
; Total pins                         ; 3 / 360 ( < 1 % )                           ;
; Total virtual pins                 ; 0                                           ;
; Total memory bits                  ; 0 / 1,677,312 ( 0 % )                       ;
; Embedded Multiplier 9-bit elements ; 0 / 288 ( 0 % )                             ;
; Total PLLs                         ; 0 / 4 ( 0 % )                               ;
; UFM blocks                         ; 0 / 1 ( 0 % )                               ;
; ADC blocks                         ; 0 / 2 ( 0 % )                               ;
+------------------------------------+---------------------------------------------+


+-----------------------------------------+
; Flow Settings                           ;
+-------------------+---------------------+
; Option            ; Setting             ;
+-------------------+---------------------+
; Start date & time ; 04/28/2021 15:41:52 ;
; Main task         ; Compilation         ;
; Revision Name     ; T_Flip_Flop         ;
+-------------------+---------------------+


+-------------------------------------------------------------------------------------------------------------------------+
; Flow Non-Default Global Settings                                                                                        ;
+-------------------------------------+----------------------------------------+---------------+-------------+------------+
; Assignment Name                     ; Value                                  ; Default Value ; Entity Name ; Section Id ;
+-------------------------------------+----------------------------------------+---------------+-------------+------------+
; COMPILER_SIGNATURE_ID               ; 17912120472516.161963890918116         ; --            ; --          ; --         ;
; MAX_CORE_JUNCTION_TEMP              ; 85                                     ; --            ; --          ; --         ;
; MIN_CORE_JUNCTION_TEMP              ; 0                                      ; --            ; --          ; --         ;
; PARTITION_COLOR                     ; -- (Not supported for targeted family) ; --            ; --          ; Top        ;
; PARTITION_FITTER_PRESERVATION_LEVEL ; -- (Not supported for targeted family) ; --            ; --          ; Top        ;
; PARTITION_NETLIST_TYPE              ; -- (Not supported for targeted family) ; --            ; --          ; Top        ;
; PROJECT_OUTPUT_DIRECTORY            ; output_files                           ; --            ; --          ; --         ;
+-------------------------------------+----------------------------------------+---------------+-------------+------------+


+--------------------------------------------------------------------------------------------------------------------------+
; Flow Elapsed Time                                                                                                        ;
+----------------------+--------------+-------------------------+---------------------+------------------------------------+
; Module Name          ; Elapsed Time ; Average Processors Used ; Peak Virtual Memory ; Total CPU Time (on all processors) ;
+----------------------+--------------+-------------------------+---------------------+------------------------------------+
; Analysis & Synthesis ; 00:01:03     ; 1.0                     ; 4757 MB             ; 00:01:52                           ;
; Fitter               ; 00:00:52     ; 1.0                     ; 5691 MB             ; 00:00:55                           ;
; Assembler            ; 00:00:20     ; 1.0                     ; 4679 MB             ; 00:00:15                           ;
; Timing Analyzer      ; 00:00:21     ; 1.0                     ; 4810 MB             ; 00:00:15                           ;
; EDA Netlist Writer   ; 00:00:06     ; 1.0                     ; 4624 MB             ; 00:00:05                           ;
; EDA Netlist Writer   ; 00:00:08     ; 1.0                     ; 4633 MB             ; 00:00:07                           ;
; EDA Netlist Writer   ; 00:00:05     ; 1.0                     ; 4625 MB             ; 00:00:05                           ;
; EDA Netlist Writer   ; 00:00:07     ; 1.0                     ; 4633 MB             ; 00:00:07                           ;
; EDA Netlist Writer   ; 00:00:05     ; 1.0                     ; 4625 MB             ; 00:00:05                           ;
; EDA Netlist Writer   ; 00:00:07     ; 1.0                     ; 4633 MB             ; 00:00:06                           ;
; EDA Netlist Writer   ; 00:00:05     ; 1.0                     ; 4625 MB             ; 00:00:05                           ;
; EDA Netlist Writer   ; 00:00:09     ; 1.0                     ; 4633 MB             ; 00:00:06                           ;
; Total                ; 00:03:28     ; --                      ; --                  ; 00:04:03                           ;
+----------------------+--------------+-------------------------+---------------------+------------------------------------+


+------------------------------------------------------------------------------------+
; Flow OS Summary                                                                    ;
+----------------------+------------------+------------+------------+----------------+
; Module Name          ; Machine Hostname ; OS Name    ; OS Version ; Processor type ;
+----------------------+------------------+------------+------------+----------------+
; Analysis & Synthesis ; DESKTOP-CCF5OIS  ; Windows 10 ; 10.0       ; x86_64         ;
; Fitter               ; DESKTOP-CCF5OIS  ; Windows 10 ; 10.0       ; x86_64         ;
; Assembler            ; DESKTOP-CCF5OIS  ; Windows 10 ; 10.0       ; x86_64         ;
; Timing Analyzer      ; DESKTOP-CCF5OIS  ; Windows 10 ; 10.0       ; x86_64         ;
; EDA Netlist Writer   ; DESKTOP-CCF5OIS  ; Windows 10 ; 10.0       ; x86_64         ;
; EDA Netlist Writer   ; DESKTOP-CCF5OIS  ; Windows 10 ; 10.0       ; x86_64         ;
; EDA Netlist Writer   ; DESKTOP-CCF5OIS  ; Windows 10 ; 10.0       ; x86_64         ;
; EDA Netlist Writer   ; DESKTOP-CCF5OIS  ; Windows 10 ; 10.0       ; x86_64         ;
; EDA Netlist Writer   ; DESKTOP-CCF5OIS  ; Windows 10 ; 10.0       ; x86_64         ;
; EDA Netlist Writer   ; DESKTOP-CCF5OIS  ; Windows 10 ; 10.0       ; x86_64         ;
; EDA Netlist Writer   ; DESKTOP-CCF5OIS  ; Windows 10 ; 10.0       ; x86_64         ;
; EDA Netlist Writer   ; DESKTOP-CCF5OIS  ; Windows 10 ; 10.0       ; x86_64         ;
+----------------------+------------------+------------+------------+----------------+


------------
; Flow Log ;
------------
quartus_map --read_settings_files=on --write_settings_files=off T_Flip_Flop -c T_Flip_Flop
quartus_fit --read_settings_files=off --write_settings_files=off T_Flip_Flop -c T_Flip_Flop
quartus_asm --read_settings_files=off --write_settings_files=off T_Flip_Flop -c T_Flip_Flop
quartus_sta T_Flip_Flop -c T_Flip_Flop
quartus_eda --gen_testbench --tool=modelsim_oem --format=verilog --write_settings_files=off T_Flip_Flop -c T_Flip_Flop --vector_source="C:/Users/aatol/Dropbox (City Tech)/Repo/Max 10/CET 4805/Lab 4/Part4/flipflop/T_Flip_Flop.vwf" --testbench_file="C:/Users/aatol/Dropbox (City Tech)/Repo/Max 10/CET 4805/Lab 4/Part4/flipflop/simulation/qsim/T_Flip_Flop.vwf.vt"
quartus_eda --write_settings_files=off --simulation=on --functional=on --flatten_buses=off --tool=modelsim_oem --format=verilog --output_directory="C:/Users/aatol/Dropbox (City Tech)/Repo/Max 10/CET 4805/Lab 4/Part4/flipflop/simulation/qsim/" T_Flip_Flop -c T_Flip_Flop
quartus_eda --gen_testbench --tool=modelsim_oem --format=verilog --write_settings_files=off T_Flip_Flop -c T_Flip_Flop --vector_source="C:/Users/aatol/Dropbox (City Tech)/Repo/Max 10/CET 4805/Lab 4/Part4/flipflop/T_Flip_Flop.vwf" --testbench_file="C:/Users/aatol/Dropbox (City Tech)/Repo/Max 10/CET 4805/Lab 4/Part4/flipflop/simulation/qsim/T_Flip_Flop.vwf.vt"
quartus_eda --write_settings_files=off --simulation=on --functional=on --flatten_buses=off --tool=modelsim_oem --format=verilog --output_directory="C:/Users/aatol/Dropbox (City Tech)/Repo/Max 10/CET 4805/Lab 4/Part4/flipflop/simulation/qsim/" T_Flip_Flop -c T_Flip_Flop
quartus_eda --gen_testbench --tool=modelsim_oem --format=verilog --write_settings_files=off T_Flip_Flop -c T_Flip_Flop --vector_source="C:/Users/aatol/Dropbox (City Tech)/Repo/Max 10/CET 4805/Lab 4/Part4/flipflop/T_Flip_Flop.vwf" --testbench_file="C:/Users/aatol/Dropbox (City Tech)/Repo/Max 10/CET 4805/Lab 4/Part4/flipflop/simulation/qsim/T_Flip_Flop.vwf.vt"
quartus_eda --write_settings_files=off --simulation=on --functional=on --flatten_buses=off --tool=modelsim_oem --format=verilog --output_directory="C:/Users/aatol/Dropbox (City Tech)/Repo/Max 10/CET 4805/Lab 4/Part4/flipflop/simulation/qsim/" T_Flip_Flop -c T_Flip_Flop
quartus_eda --gen_testbench --tool=modelsim_oem --format=verilog --write_settings_files=off T_Flip_Flop -c T_Flip_Flop --vector_source="C:/Users/aatol/Dropbox (City Tech)/Repo/Max 10/CET 4805/Lab 4/Part4/flipflop/T_Flip_Flop.vwf" --testbench_file="C:/Users/aatol/Dropbox (City Tech)/Repo/Max 10/CET 4805/Lab 4/Part4/flipflop/simulation/qsim/T_Flip_Flop.vwf.vt"
quartus_eda --write_settings_files=off --simulation=on --functional=on --flatten_buses=off --tool=modelsim_oem --format=verilog --output_directory="C:/Users/aatol/Dropbox (City Tech)/Repo/Max 10/CET 4805/Lab 4/Part4/flipflop/simulation/qsim/" T_Flip_Flop -c T_Flip_Flop



